drawingactivity/build/intermediates/manifest_merge_blame_file/debug/manifest-merger-blame-debug-report.txt
1<?xml version="1.0" encoding="utf-8"?>
2<manifest xmlns:android="http://schemas.android.com/apk/res/android"
3    package="com.mrgames13.jimdo.drawingactivity" >
4
5    <uses-sdk android:minSdkVersion="19" />
6
7    <uses-permission android:name="android.permission.READ_EXTERNAL_STORAGE" />
7-->src\main\AndroidManifest.xml:5:5-79
7-->src\main\AndroidManifest.xml:5:22-77
8
9    <application>
9-->src\main\AndroidManifest.xml:7:5-11:19
10        <activity
10-->src\main\AndroidManifest.xml:8:9-10:50
11            android:name="com.mrgames13.jimdo.drawingactivity.DrawingActivity"
11-->src\main\AndroidManifest.xml:9:13-44
12            android:theme="@style/DrawingStyle" />
12-->src\main\AndroidManifest.xml:10:13-48
13    </application>
14
15</manifest>